<?xml version="1.0" encoding="UTF-8"?>
<!-- Generated by org.testng.reporters.JUnitReportReporter -->
<testsuite skipped="0" hostname="DESKTOP-PKF8717" name="executionEngine.NewTest" tests="1" failures="0" timestamp="2022-09-21T22:30:13 IST" time="0.006" errors="0">
  <testcase name="f" time="0.006" classname="executionEngine.NewTest"/>
  <system-out/>
</testsuite> <!-- executionEngine.NewTest -->
